[1]: ..#.....#........#####...#.###.#..####.#####...#...#..#..#..#####..########.##...#......#..###.##..#.##.
[2]: ...#.....#......##.###.#.##..#..#.#.##...###.#..##..##.##.#.#.###..#.######.#..#..#......#.#.#.#..####...
[3]: ....#.....#....#.....#.###..#.#######..###.#..#........#..####..#.###..####..##.##.#.....######.#.#.##....
[4]: .....#.....#....#....##..#.###..#####..#.#..##.#........#.#.##.###..#..#.##.....#...#...##.####.#####......
[5]: ......#.....#....#..#...###..#..#.###.###.#.....#.......#####....#.#.#####.......##..###.....##...###.......
[6]: .......#.....#....##.####.#.#.####..#...#..#.....#.....##.###....####..###......#....#.#....#...###.#........
[7]: ........#.....#..#.....##.####..##.#.##..##.#.....#...#.....#...##.##..#.#.......#...##.#....####.#..#........
[8]: .........#.....##.#...#.....##.....###.......#.....##..#.....###...#..###.#.......###....#..##.##..##.#........
[9]: ..........#...#....##..#...#......##.#........#...#...#.#...##.#.#..#.#.#..#.....##.#.....#....#.......#........
[10]: ...........##..#..#...#.##..#....#....#........##..##.##.###...##.######.##.#...#....#.....#....#.......#........
[11]: ..........#...#.##.##.###..#.#....#....#......#.......#....#.##.....####.#...##..#....#.....#....#.......#........
[12]: ...........##.###..#....#.###.#....#....#......#.......#...###.....##.##..###...#.#....#.....#....#.......#........
[13]: ..........#.....#.#.#...##..#..#....#....#......#.......####.#....#...#...#.#.#.##.#....#.....#....#.......#........
[14]: ...........#....####.###...#.##.#....#....#......#.....##.##..#....##..##.#######...#....#.....#....#.......#........
[15]: ............#..##.##...#.#.###...#....#....#......#...#...#..#.#..#.........#####.#..#....#.....#....#.......#........
[16]: .............#....#..#.####..#.#..#....#....#......##..##..####.##.#.......##.###..##.#....#.....#....#.......#........
[17]: ..............#....####..##.###.##.#....#....#....#........#.##.#...#.....#.....#......#....#.....#....#.......#........
[18]: ...............#..##.##.......#.#...#....#....#....#.......###...##..#.....#.....#......#....#.....#....#.......#........
[19]: ................#....#........##.##..#....#....#....#.....##.#.##...#.#.....#.....#......#....#.....#....#.......#........
[20]: .................#....#......#...#..#.#....#....#....#...#...###..#.##.#.....#.....#......#....#.....#....#.......#........
[21]: ..................#....#......##..####.#....#....#....##..####.#.####...#.....#.....#......#....#.....#....#.......#........
[22]: ...................#....#....#....#.##..#....#....#..#....#.##.##..##.#..#.....#.....#......#....#.....#....#.......#........
[23]: ....................#....#....#...###..#.#....#....##.#...###..#.......##.#.....#.....#......#....#.....#....#.......#........
[24]: .....................#....#....####.#.###.#....#..#....####.#.#.#.....#....#.....#.....#......#....#.....#....#.......#........
[25]: ......................#....#..##.##.##..#..#....##.#..##.##.####.#.....#....#.....#.....#......#....#.....#....#.......#........
[26]: .......................#....#....#..#..#.##.#..#....#....#....##..#.....#....#.....#.....#......#....#.....#....#.......#........
[27]: ........................#....#....##.#####...##.#....#....#..#...#.#.....#....#.....#.....#......#....#.....#....#.......#........
[28]: .........................#....#..#.....###.##....#....#....##.##.##.#.....#....#.....#.....#......#....#.....#....#.......#........
[29]: ..........................#....##.#...##.#.#......#....#..#...#..#...#.....#....#.....#.....#......#....#.....#....#.......#........
[30]: ...........................#..#....###...##.#......#....##.##..##.##..#.....#....#.....#.....#......#....#.....#....#.......#........
[31]: ............................##.#..##.#.##....#......#..#...#......#..#.#.....#....#.....#.....#......#....#.....#....#.......#........
[32]: ...........................#....#....###......#......##.##..#......####.#.....#....#.....#.....#......#....#.....#....#.......#........
[33]: ............................#....#..##.#.......#....#...#..#.#....##.##..#.....#....#.....#.....#......#....#.....#....#.......#........
[34]: .............................#....#.....#.......#....##..####.#..#...#..#.#.....#....#.....#.....#......#....#.....#....#.......#........
[35]: ..............................#....#.....#.......#..#....#.##..##.##..####.#.....#....#.....#.....#......#....#.....#....#.......#........
[36]: ...............................#....#.....#.......##.#...###......#...#.##..#.....#....#.....#.....#......#....#.....#....#.......#........
[37]: ................................#....#.....#.....#....####.#.......##.###..#.#.....#....#.....#.....#......#....#.....#....#.......#........
[38]: .................................#....#.....#.....#..##.##..#.....#.....#.###.#.....#....#.....#.....#......#....#.....#....#.......#........
[39]: ..................................#....#.....#.....#....#..#.#.....#....##..#..#.....#....#.....#.....#......#....#.....#....#.......#........
[40]: ...................................#....#.....#.....#....####.#.....#..#...#.##.#.....#....#.....#.....#......#....#.....#....#.......#........
[41]: ....................................#....#.....#.....#..##.##..#.....##.##.###...#.....#....#.....#.....#......#....#.....#....#.......#........
[42]: .....................................#....#.....#.....#....#..#.#...#...#....#.#..#.....#....#.....#.....#......#....#.....#....#.......#........
[43]: ......................................#....#.....#.....#....####.##..##..#...##.##.#.....#....#.....#.....#......#....#.....#....#.......#........
[44]: .......................................#....#.....#.....#..##.##.#......#.###...#...#.....#....#.....#.....#......#....#.....#....#.......#........
[45]: ........................................#....#.....#.....#....#...#.....##..#.#..##..#.....#....#.....#.....#......#....#.....#....#.......#........
[46]: .........................................#....#.....#.....#....##..#...#...###.#....#.#.....#....#.....#.....#......#....#.....#....#.......#........
[47]: ..........................................#....#.....#.....#..#...#.##..####.#..#...##.#.....#....#.....#.....#......#....#.....#....#.......#........
[48]: ...........................................#....#.....#.....##.##.###...#.##..##.###....#.....#....#.....#.....#......#....#.....#....#.......#........
[49]: ............................................#....#.....#...#...#....#.#.###........#.....#.....#....#.....#.....#......#....#.....#....#.......#........
[50]: .............................................#....#.....##..##..#...####..#.........#.....#.....#....#.....#.....#......#....#.....#....#.......#........
[51]: ..............................................#....#...#.......#.####.##.#.#.........#.....#.....#....#.....#.....#......#....#.....#....#.......#........
[52]: ...............................................#....##..#......##..##.#..##.#.........#.....#.....#....#.....#.....#......#....#.....#....#.......#........
[53]: ................................................#..#...#.#....#........#.....#.........#.....#.....#....#.....#.....#......#....#.....#....#.......#........
[54]: .................................................##.##.##.#....#........#.....#.........#.....#.....#....#.....#.....#......#....#.....#....#.......#........
[55]: ................................................#...#..#...#....#........#.....#.........#.....#.....#....#.....#.....#......#....#.....#....#.......#........
[56]: .................................................##..##.##..#....#........#.....#.........#.....#.....#....#.....#.....#......#....#.....#....#.......#........
[57]: ................................................#.......#..#.#....#........#.....#.........#.....#.....#....#.....#.....#......#....#.....#....#.......#........
[58]: .................................................#.......####.#....#........#.....#.........#.....#.....#....#.....#.....#......#....#.....#....#.......#........
[59]: ..................................................#.....##.##..#....#........#.....#.........#.....#.....#....#.....#.....#......#....#.....#....#.......#........
[60]: ...................................................#...#...#..#.#....#........#.....#.........#.....#.....#....#.....#.....#......#....#.....#....#.......#........
[61]: ....................................................##..##..####.#....#........#.....#.........#.....#.....#....#.....#.....#......#....#.....#....#.......#........
[62]: ...................................................#........#.##..#....#........#.....#.........#.....#.....#....#.....#.....#......#....#.....#....#.......#........
[63]: ....................................................#.......###..#.#....#........#.....#.........#.....#.....#....#.....#.....#......#....#.....#....#.......#........
[64]: .....................................................#.....##.#.###.#....#........#.....#.........#.....#.....#....#.....#.....#......#....#.....#....#.......#........
[65]: ......................................................#...#...##..#..#....#........#.....#.........#.....#.....#....#.....#.....#......#....#.....#....#.......#........
[66]: .......................................................##..###...#.##.#....#........#.....#.........#.....#.....#....#.....#.....#......#....#.....#....#.......#........
[67]: ......................................................#....#.#.#.###...#....#........#.....#.........#.....#.....#....#.....#.....#......#....#.....#....#.......#........
[68]: .......................................................#...######..#.#..#....#........#.....#.........#.....#.....#....#.....#.....#......#....#.....#....#.......#........
[69]: ........................................................####.####.###.##.#....#........#.....#.........#.....#.....#....#.....#.....#......#....#.....#....#.......#........
[70]: .......................................................##.##...##...#.#...#....#........#.....#.........#.....#.....#....#.....#.....#......#....#.....#....#.......#........
[71]: ......................................................#...#..##...#.##.##..#....#........#.....#.........#.....#.....#....#.....#.....#......#....#.....#....#.......#........
[72]: .......................................................##..#....#.###..#..#.#....#........#.....#.........#.....#.....#....#.....#.....#......#....#.....#....#.......#........
[73]: ......................................................#...#.#...##..#.#.####.#....#........#.....#.........#.....#.....#....#.....#.....#......#....#.....#....#.......#........
[74]: .......................................................##.##.###...#####..##..#....#........#.....#.........#.....#.....#....#.....#.....#......#....#.....#....#.......#........
[75]: ......................................................#...#....#.###.###.....#.#....#........#.....#.........#.....#.....#....#.....#.....#......#....#.....#....#.......#........
[76]: .......................................................##..#...##..#...#.....##.#....#........#.....#.........#.....#.....#....#.....#.....#......#....#.....#....#.......#........
[77]: ......................................................#...#.###...#.##..#...#....#....#........#.....#.........#.....#.....#....#.....#.....#......#....#.....#....#.......#........
[78]: .......................................................##.##..#.#.###..#.##..#....#....#........#.....#.........#.....#.....#....#.....#.....#......#....#.....#....#.......#........
[79]: ......................................................#...#..#####..#.####..#.#....#....#........#.....#.........#.....#.....#....#.....#.....#......#....#.....#....#.......#........
[80]: .......................................................##..#.#.###.###..##.###.#....#....#........#.....#.........#.....#.....#....#.....#.....#......#....#.....#....#.......#........
[81]: ......................................................#...#####..#...#.......#..#....#....#........#.....#.........#.....#.....#....#.....#.....#......#....#.....#....#.......#........
[82]: .......................................................####.###.#.##..#.......##.#....#....#........#.....#.........#.....#.....#....#.....#.....#......#....#.....#....#.......#........
[83]: ......................................................##.##...#.###..#.#.....#....#....#....#........#.....#.........#.....#.....#....#.....#.....#......#....#.....#....#.......#........
[84]: .....................................................#...#..#.##..#.###.#.....#....#....#....#........#.....#.........#.....#.....#....#.....#.....#......#....#.....#....#.......#........
[85]: ......................................................##..#####..###..#..#.....#....#....#....#........#.....#.........#.....#.....#....#.....#.....#......#....#.....#....#.......#........
[86]: .....................................................#....#.###..#.#.#.##.#.....#....#....#....#........#.....#.........#.....#.....#....#.....#.....#......#....#.....#....#.......#........
[87]: ......................................................#...##..#.########...#.....#....#....#....#........#.....#.........#.....#.....#....#.....#.....#......#....#.....#....#.......#........
[88]: .......................................................###...###..######.#..#.....#....#....#....#........#.....#.........#.....#.....#....#.....#.....#......#....#.....#....#.......#........
[89]: ......................................................##.#.###.#..#.####..##.#.....#....#....#....#........#.....#.........#.....#.....#....#.....#.....#......#....#.....#....#.......#........
[90]: .....................................................#...##..#..####..##......#.....#....#....#....#........#.....#.........#.....#.....#....#.....#.....#......#....#.....#....#.......#........
[91]: ......................................................###...#.#.#.##...........#.....#....#....#....#........#.....#.........#.....#.....#....#.....#.....#......#....#.....#....#.......#........
[92]: .....................................................##.#.#.#######.............#.....#....#....#....#........#.....#.........#.....#.....#....#.....#.....#......#....#.....#....#.......#........
[93]: ....................................................#...####..#####..............#.....#....#....#....#........#.....#.........#.....#.....#....#.....#.....#......#....#.....#....#.......#........
[94]: .....................................................####.##..#.###...............#.....#....#....#....#........#.....#.........#.....#.....#....#.....#.....#......#....#.....#....#.......#........
[95]: ....................................................##.##.#..###..#................#.....#....#....#....#........#.....#.........#.....#.....#....#.....#.....#......#....#.....#....#.......#........
[96]: ...................................................#...#...#.#.#.#.#................#.....#....#....#....#........#.....#.........#.....#.....#....#.....#.....#......#....#.....#....#.......#........
[97]: ....................................................##..##.########.#................#.....#....#....#....#........#.....#.........#.....#.....#....#.....#.....#......#....#.....#....#.......#........
[98]: ...................................................#.........######..#................#.....#....#....#....#........#.....#.........#.....#.....#....#.....#.....#......#....#.....#....#.......#........
[99]: ....................................................#.......##.####.#.#................#.....#....#....#....#........#.....#.........#.....#.....#....#.....#.....#......#....#.....#....#.......#........
[100]: .....................................................#.....#.....##.##.#................#.....#....#....#....#........#.....#.........#.....#.....#....#.....#.....#......#....#.....#....#.......#........
[101]: ......................................................#.....#...#...#...#................#.....#....#....#....#........#.....#.........#.....#.....#....#.....#.....#......#....#.....#....#.......#........
[102]: .......................................................#.....##..##..##..#................#.....#....#....#....#........#.....#.........#.....#.....#....#.....#.....#......#....#.....#....#.......#........
[103]: ........................................................#...#...........#.#................#.....#....#....#....#........#.....#.........#.....#.....#....#.....#.....#......#....#.....#....#.......#........
[104]: .........................................................##..#..........##.#................#.....#....#....#....#........#.....#.........#.....#.....#....#.....#.....#......#....#.....#....#.......#........
[105]: ........................................................#...#.#........#....#................#.....#....#....#....#........#.....#.........#.....#.....#....#.....#.....#......#....#.....#....#.......#........
[106]: .........................................................##.##.#........#....#................#.....#....#....#....#........#.....#.........#.....#.....#....#.....#.....#......#....#.....#....#.......#........
[107]: ........................................................#...#...#........#....#................#.....#....#....#....#........#.....#.........#.....#.....#....#.....#.....#......#....#.....#....#.......#........
[108]: .........................................................##..##..#........#....#................#.....#....#....#....#........#.....#.........#.....#.....#....#.....#.....#......#....#.....#....#.......#........
[109]: ........................................................#.......#.#........#....#................#.....#....#....#....#........#.....#.........#.....#.....#....#.....#.....#......#....#.....#....#.......#........
[110]: .........................................................#......##.#........#....#................#.....#....#....#....#........#.....#.........#.....#.....#....#.....#.....#......#....#.....#....#.......#........
[111]: ..........................................................#....#....#........#....#................#.....#....#....#....#........#.....#.........#.....#.....#....#.....#.....#......#....#.....#....#.......#........
111 3010
[112]: ...........................................................#....#....#........#....#................#.....#....#....#....#........#.....#.........#.....#.....#....#.....#.....#......#....#.....#....#.......#........
112 3033
[113]: ............................................................#....#....#........#....#................#.....#....#....#....#........#.....#.........#.....#.....#....#.....#.....#......#....#.....#....#.......#........
113 3056
[114]: .............................................................#....#....#........#....#................#.....#....#....#....#........#.....#.........#.....#.....#....#.....#.....#......#....#.....#....#.......#........
114 3079
[115]: ..............................................................#....#....#........#....#................#.....#....#....#....#........#.....#.........#.....#.....#....#.....#.....#......#....#.....#....#.......#........
115 3102
[116]: ...............................................................#....#....#........#....#................#.....#....#....#....#........#.....#.........#.....#.....#....#.....#.....#......#....#.....#....#.......#........
116 3125
[117]: ................................................................#....#....#........#....#................#.....#....#....#....#........#.....#.........#.....#.....#....#.....#.....#......#....#.....#....#.......#........
117 3148
[118]: .................................................................#....#....#........#....#................#.....#....#....#....#........#.....#.........#.....#.....#....#.....#.....#......#....#.....#....#.......#........
118 3171
[119]: ..................................................................#....#....#........#....#................#.....#....#....#....#........#.....#.........#.....#.....#....#.....#.....#......#....#.....#....#.......#........
119 3194
[120]: ...................................................................#....#....#........#....#................#.....#....#....#....#........#.....#.........#.....#.....#....#.....#.....#......#....#.....#....#.......#........
120 3217
[121]: ....................................................................#....#....#........#....#................#.....#....#....#....#........#.....#.........#.....#.....#....#.....#.....#......#....#.....#....#.......#........
121 3240
[122]: .....................................................................#....#....#........#....#................#.....#....#....#....#........#.....#.........#.....#.....#....#.....#.....#......#....#.....#....#.......#........
122 3263
[123]: ......................................................................#....#....#........#....#................#.....#....#....#....#........#.....#.........#.....#.....#....#.....#.....#......#....#.....#....#.......#........
123 3286
[124]: .......................................................................#....#....#........#....#................#.....#....#....#....#........#.....#.........#.....#.....#....#.....#.....#......#....#.....#....#.......#........
124 3309
124 3309
1150000000457
