531
[7, 3, 2, 0] -> [3, 0, 0, 0]
[7, 2, 1, 1] -> [3, 2, 0, 0]
[7, 1, 0, 3] -> [3, 2, 0, 1]
[8, 1, 0, 1] -> [3, 3, 0, 1]
[14, 1, 2, 1] -> [3, 6, 0, 1]
[1, 2, 1, 2] -> [3, 6, 6, 1]
[7, 3, 3, 1] -> [3, 3, 6, 1]
[7, 2, 0, 0] -> [2, 3, 6, 1]
[14, 3, 0, 3] -> [2, 3, 6, 0]
[13, 3, 2, 3] -> [2, 3, 6, 2]
[0, 1, 0, 1] -> [2, 2, 6, 2]
[14, 1, 1, 1] -> [2, 2, 6, 2]
[1, 1, 2, 2] -> [2, 2, 8, 2]
[7, 2, 2, 1] -> [2, 2, 8, 2]
[7, 3, 1, 0] -> [3, 2, 8, 2]
[7, 1, 0, 3] -> [3, 2, 8, 1]
[1, 3, 3, 3] -> [3, 2, 8, 2]
[14, 3, 3, 3] -> [3, 2, 8, 6]
[1, 2, 3, 2] -> [3, 2, 14, 6]
[3, 2, 1, 0] -> [14, 2, 14, 6]
[14, 3, 0, 3] -> [14, 2, 14, 0]
[13, 3, 0, 3] -> [14, 2, 14, 0]
[7, 2, 3, 2] -> [14, 2, 2, 0]
[14, 2, 0, 1] -> [14, 0, 2, 0]
[13, 1, 0, 1] -> [14, 0, 2, 0]
[6, 3, 2, 2] -> [14, 0, 1, 0]
[14, 2, 2, 2] -> [14, 0, 2, 0]
[1, 0, 2, 0] -> [16, 0, 2, 0]
[7, 3, 1, 1] -> [16, 3, 2, 0]
[7, 2, 2, 3] -> [16, 3, 2, 2]
[14, 3, 0, 2] -> [16, 3, 0, 2]
[13, 2, 0, 2] -> [16, 3, 0, 2]
[7, 2, 1, 3] -> [16, 3, 0, 2]
[14, 3, 3, 3] -> [16, 3, 0, 6]
[1, 0, 3, 0] -> [22, 3, 0, 6]
[7, 0, 0, 3] -> [22, 3, 0, 0]
[14, 0, 0, 2] -> [22, 3, 0, 0]
[13, 2, 3, 2] -> [22, 3, 3, 0]
[14, 0, 0, 1] -> [22, 0, 3, 0]
[13, 1, 1, 1] -> [22, 1, 3, 0]
[10, 3, 2, 3] -> [22, 1, 3, 1]
[14, 3, 2, 3] -> [22, 1, 3, 2]
[1, 0, 3, 0] -> [24, 1, 3, 2]
[3, 0, 1, 1] -> [24, 24, 3, 2]
[7, 0, 1, 0] -> [0, 24, 3, 2]
[7, 1, 1, 2] -> [0, 24, 1, 2]
[7, 3, 1, 3] -> [0, 24, 1, 3]
[9, 3, 2, 0] -> [2, 24, 1, 3]
[14, 0, 1, 0] -> [2, 24, 1, 3]
[1, 1, 0, 1] -> [2, 26, 1, 3]
[3, 1, 0, 3] -> [2, 26, 1, 26]
[14, 0, 0, 2] -> [2, 26, 0, 26]
[13, 2, 2, 2] -> [2, 26, 2, 26]
[7, 3, 2, 1] -> [2, 3, 2, 26]
[14, 2, 0, 0] -> [0, 3, 2, 26]
[13, 0, 1, 0] -> [1, 3, 2, 26]
[3, 0, 2, 0] -> [1, 3, 2, 26]
[14, 0, 2, 0] -> [2, 3, 2, 26]
[1, 0, 3, 3] -> [2, 3, 2, 28]
[3, 3, 2, 1] -> [2, 28, 2, 28]
[7, 2, 1, 0] -> [2, 28, 2, 28]
[14, 2, 0, 2] -> [2, 28, 0, 28]
[13, 2, 3, 2] -> [2, 28, 3, 28]
[14, 0, 0, 3] -> [2, 28, 3, 0]
[13, 3, 2, 3] -> [2, 28, 3, 2]
[8, 0, 2, 2] -> [2, 28, 3, 2]
[14, 2, 2, 2] -> [2, 28, 6, 2]
[1, 1, 2, 1] -> [2, 34, 6, 2]
[14, 0, 0, 2] -> [2, 34, 0, 2]
[13, 2, 0, 2] -> [2, 34, 0, 2]
[14, 1, 0, 3] -> [2, 34, 0, 0]
[13, 3, 1, 3] -> [2, 34, 0, 1]
[15, 3, 0, 2] -> [2, 34, 2, 1]
[14, 2, 1, 2] -> [2, 34, 2, 1]
[1, 2, 1, 1] -> [2, 36, 2, 1]
[3, 1, 0, 0] -> [36, 36, 2, 1]
[14, 2, 0, 1] -> [36, 0, 2, 1]
[13, 1, 3, 1] -> [36, 3, 2, 1]
[7, 2, 1, 3] -> [36, 3, 2, 2]
[7, 2, 0, 2] -> [36, 3, 2, 2]
[5, 2, 3, 3] -> [36, 3, 2, 3]
[14, 3, 2, 3] -> [36, 3, 2, 6]
[14, 3, 3, 3] -> [36, 3, 2, 18]
[1, 0, 3, 0] -> [54, 3, 2, 18]
[3, 0, 0, 3] -> [54, 3, 2, 54]
[7, 1, 1, 2] -> [54, 3, 1, 54]
[7, 2, 1, 1] -> [54, 2, 1, 54]
[7, 3, 0, 0] -> [3, 2, 1, 54]
[8, 1, 0, 1] -> [3, 3, 1, 54]
[14, 1, 2, 1] -> [3, 6, 1, 54]
[14, 1, 3, 1] -> [3, 18, 1, 54]
[1, 3, 1, 3] -> [3, 18, 1, 72]
[3, 3, 0, 1] -> [3, 72, 1, 72]
[7, 0, 0, 3] -> [3, 72, 1, 0]
[14, 1, 0, 0] -> [0, 72, 1, 0]
[13, 0, 0, 0] -> [0, 72, 1, 0]
[7, 2, 2, 2] -> [0, 72, 2, 0]
[7, 3, 2, 0] -> [3, 72, 2, 0]
[14, 0, 2, 0] -> [6, 72, 2, 0]
[1, 1, 0, 1] -> [6, 78, 2, 0]
[7, 1, 1, 2] -> [6, 78, 1, 0]
[14, 2, 0, 3] -> [6, 78, 1, 0]
[13, 3, 2, 3] -> [6, 78, 1, 2]
[7, 3, 3, 0] -> [3, 78, 1, 2]
[9, 0, 2, 2] -> [3, 78, 2, 2]
[14, 2, 1, 2] -> [3, 78, 2, 2]
[1, 2, 1, 1] -> [3, 80, 2, 2]
[3, 1, 2, 2] -> [3, 80, 80, 2]
[14, 1, 0, 1] -> [3, 0, 80, 2]
[13, 1, 0, 1] -> [3, 0, 80, 2]
[7, 1, 2, 0] -> [1, 0, 80, 2]
[7, 3, 1, 3] -> [1, 0, 80, 3]
[13, 0, 1, 1] -> [1, 2, 80, 3]
[14, 1, 1, 1] -> [1, 2, 80, 3]
[1, 2, 1, 2] -> [1, 2, 82, 3]
[3, 2, 0, 1] -> [1, 82, 82, 3]
[7, 2, 0, 3] -> [1, 82, 82, 2]
[7, 2, 3, 2] -> [1, 82, 2, 2]
[7, 2, 3, 0] -> [2, 82, 2, 2]
[5, 0, 3, 2] -> [2, 82, 3, 2]
[14, 2, 2, 2] -> [2, 82, 6, 2]
[1, 1, 2, 1] -> [2, 88, 6, 2]
[3, 1, 1, 0] -> [88, 88, 6, 2]
[14, 0, 0, 1] -> [88, 0, 6, 2]
[13, 1, 2, 1] -> [88, 2, 6, 2]
[14, 0, 0, 2] -> [88, 2, 0, 2]
[13, 2, 3, 2] -> [88, 2, 3, 2]
[14, 2, 0, 3] -> [88, 2, 3, 0]
[13, 3, 3, 3] -> [88, 2, 3, 3]
[8, 1, 2, 1] -> [88, 3, 3, 3]
[14, 1, 1, 1] -> [88, 3, 3, 3]
[1, 1, 0, 0] -> [91, 3, 3, 3]
[3, 0, 0, 2] -> [91, 3, 91, 3]
[7, 3, 3, 0] -> [3, 3, 91, 3]
[7, 2, 3, 3] -> [3, 3, 91, 2]
[7, 0, 0, 1] -> [3, 0, 91, 2]
[0, 0, 3, 3] -> [3, 0, 91, 2]
[14, 3, 2, 3] -> [3, 0, 91, 4]
[1, 3, 2, 2] -> [3, 0, 95, 4]
[3, 2, 0, 3] -> [3, 0, 95, 95]
[14, 3, 0, 2] -> [3, 0, 0, 95]
[13, 2, 2, 2] -> [3, 0, 2, 95]
[7, 1, 1, 1] -> [3, 1, 2, 95]
[12, 2, 0, 0] -> [1, 1, 2, 95]
[14, 0, 2, 0] -> [2, 1, 2, 95]
[1, 0, 3, 3] -> [2, 1, 2, 97]
[3, 3, 3, 1] -> [2, 97, 2, 97]
[7, 0, 2, 3] -> [2, 97, 2, 0]
[7, 3, 0, 2] -> [2, 97, 3, 0]
[7, 2, 3, 0] -> [2, 97, 3, 0]
[8, 0, 2, 3] -> [2, 97, 3, 3]
[14, 3, 3, 3] -> [2, 97, 3, 9]
[1, 3, 1, 1] -> [2, 106, 3, 9]
[7, 3, 3, 3] -> [2, 106, 3, 3]
[2, 0, 2, 2] -> [2, 106, 1, 3]
[14, 2, 2, 2] -> [2, 106, 2, 3]
[14, 2, 1, 2] -> [2, 106, 2, 3]
[1, 2, 1, 1] -> [2, 108, 2, 3]
[3, 1, 3, 3] -> [2, 108, 2, 108]
[7, 1, 0, 0] -> [1, 108, 2, 108]
[7, 3, 2, 1] -> [1, 3, 2, 108]
[7, 2, 3, 2] -> [1, 3, 2, 108]
[3, 0, 2, 1] -> [1, 1, 2, 108]
[14, 1, 1, 1] -> [1, 1, 2, 108]
[14, 1, 3, 1] -> [1, 3, 2, 108]
[1, 1, 3, 3] -> [1, 3, 2, 111]
[3, 3, 1, 0] -> [111, 3, 2, 111]
[14, 1, 0, 1] -> [111, 0, 2, 111]
[13, 1, 0, 1] -> [111, 0, 2, 111]
[7, 3, 2, 2] -> [111, 0, 3, 111]
[7, 0, 1, 3] -> [111, 0, 3, 0]
[7, 2, 1, 1] -> [111, 2, 3, 0]
[14, 1, 1, 1] -> [111, 2, 3, 0]
[1, 0, 1, 0] -> [113, 2, 3, 0]
[3, 0, 0, 1] -> [113, 113, 3, 0]
[7, 2, 0, 0] -> [2, 113, 3, 0]
[7, 2, 2, 2] -> [2, 113, 2, 0]
[7, 2, 2, 3] -> [2, 113, 2, 2]
[11, 0, 3, 2] -> [2, 113, 1, 2]
[14, 2, 3, 2] -> [2, 113, 3, 2]
[1, 1, 2, 1] -> [2, 116, 3, 2]
[14, 1, 0, 2] -> [2, 116, 0, 2]
[13, 2, 3, 2] -> [2, 116, 3, 2]
[7, 0, 3, 3] -> [2, 116, 3, 0]
[2, 0, 2, 0] -> [1, 116, 3, 0]
[14, 0, 2, 0] -> [2, 116, 3, 0]
[14, 0, 3, 0] -> [6, 116, 3, 0]
[1, 1, 0, 1] -> [6, 122, 3, 0]
[3, 1, 2, 0] -> [122, 122, 3, 0]
[7, 2, 3, 2] -> [122, 122, 2, 0]
[7, 3, 3, 1] -> [122, 3, 2, 0]
[7, 3, 2, 3] -> [122, 3, 2, 3]
[12, 2, 1, 1] -> [122, 1, 2, 3]
[14, 1, 3, 1] -> [122, 3, 2, 3]
[1, 1, 0, 0] -> [125, 3, 2, 3]
[7, 0, 0, 1] -> [125, 0, 2, 3]
[7, 0, 2, 2] -> [125, 0, 0, 3]
[7, 2, 0, 3] -> [125, 0, 0, 2]
[10, 2, 3, 2] -> [125, 0, 1, 2]
[14, 2, 3, 2] -> [125, 0, 3, 2]
[1, 2, 0, 0] -> [128, 0, 3, 2]
[3, 0, 3, 1] -> [128, 128, 3, 2]
[14, 3, 0, 0] -> [0, 128, 3, 2]
[13, 0, 0, 0] -> [0, 128, 3, 2]
[7, 2, 2, 2] -> [0, 128, 2, 2]
[5, 2, 3, 3] -> [0, 128, 2, 3]
[14, 3, 1, 3] -> [0, 128, 2, 3]
[1, 3, 1, 1] -> [0, 131, 2, 3]
[3, 1, 2, 2] -> [0, 131, 131, 3]
[7, 1, 0, 3] -> [0, 131, 131, 1]
[14, 0, 0, 1] -> [0, 0, 131, 1]
[13, 1, 2, 1] -> [0, 2, 131, 1]
[7, 2, 1, 0] -> [2, 2, 131, 1]
[4, 0, 3, 1] -> [2, 1, 131, 1]
[14, 1, 2, 1] -> [2, 2, 131, 1]
[1, 2, 1, 2] -> [2, 2, 133, 1]
[3, 2, 3, 0] -> [133, 2, 133, 1]
[7, 3, 1, 3] -> [133, 2, 133, 3]
[7, 3, 3, 1] -> [133, 3, 133, 3]
[7, 1, 0, 2] -> [133, 3, 1, 3]
[9, 3, 2, 1] -> [133, 2, 1, 3]
[14, 1, 3, 1] -> [133, 6, 1, 3]
[14, 1, 1, 1] -> [133, 6, 1, 3]
[1, 0, 1, 0] -> [139, 6, 1, 3]
[3, 0, 0, 2] -> [139, 6, 139, 3]
[7, 0, 3, 3] -> [139, 6, 139, 0]
[14, 2, 0, 1] -> [139, 0, 139, 0]
[13, 1, 3, 1] -> [139, 3, 139, 0]
[7, 2, 2, 0] -> [2, 3, 139, 0]
[12, 0, 1, 0] -> [1, 3, 139, 0]
[14, 0, 1, 0] -> [1, 3, 139, 0]
[1, 0, 2, 2] -> [1, 3, 140, 0]
[14, 0, 0, 0] -> [0, 3, 140, 0]
[13, 0, 2, 0] -> [2, 3, 140, 0]
[5, 0, 3, 0] -> [3, 3, 140, 0]
[14, 0, 2, 0] -> [6, 3, 140, 0]
[1, 2, 0, 2] -> [6, 3, 146, 0]
[3, 2, 2, 0] -> [146, 3, 146, 0]
[7, 2, 1, 3] -> [146, 3, 146, 2]
[7, 2, 1, 2] -> [146, 3, 2, 2]
[12, 2, 1, 1] -> [146, 1, 2, 2]
[14, 1, 2, 1] -> [146, 2, 2, 2]
[1, 0, 1, 0] -> [148, 2, 2, 2]
[3, 0, 2, 2] -> [148, 2, 148, 2]
[7, 0, 3, 1] -> [148, 0, 148, 2]
[7, 2, 3, 0] -> [2, 0, 148, 2]
[11, 0, 3, 0] -> [1, 0, 148, 2]
[14, 0, 3, 0] -> [3, 0, 148, 2]
[14, 0, 2, 0] -> [6, 0, 148, 2]
[1, 0, 2, 2] -> [6, 0, 154, 2]
[3, 2, 3, 1] -> [6, 154, 154, 2]
[7, 1, 0, 0] -> [1, 154, 154, 2]
[7, 3, 2, 2] -> [1, 154, 3, 2]
[7, 3, 3, 3] -> [1, 154, 3, 3]
[14, 0, 2, 2] -> [1, 154, 2, 3]
[14, 2, 2, 2] -> [1, 154, 4, 3]
[1, 2, 1, 1] -> [1, 158, 4, 3]
[3, 1, 3, 2] -> [1, 158, 158, 3]
[7, 1, 0, 3] -> [1, 158, 158, 1]
[7, 3, 1, 1] -> [1, 3, 158, 1]
[7, 2, 0, 0] -> [2, 3, 158, 1]
[15, 3, 0, 3] -> [2, 3, 158, 2]
[14, 3, 3, 3] -> [2, 3, 158, 6]
[1, 3, 2, 2] -> [2, 3, 164, 6]
[3, 2, 3, 1] -> [2, 164, 164, 6]
[7, 1, 0, 3] -> [2, 164, 164, 1]
[7, 1, 0, 0] -> [1, 164, 164, 1]
[14, 1, 0, 2] -> [1, 164, 0, 1]
[13, 2, 2, 2] -> [1, 164, 2, 1]
[1, 0, 3, 3] -> [1, 164, 2, 2]
[14, 3, 2, 3] -> [1, 164, 2, 4]
[14, 3, 2, 3] -> [1, 164, 2, 8]
[1, 3, 1, 1] -> [1, 172, 2, 8]
[3, 1, 2, 3] -> [1, 172, 2, 172]
[14, 0, 0, 2] -> [1, 172, 0, 172]
[13, 2, 3, 2] -> [1, 172, 3, 172]
[7, 0, 3, 1] -> [1, 0, 3, 172]
[13, 0, 1, 1] -> [1, 2, 3, 172]
[14, 1, 2, 1] -> [1, 4, 3, 172]
[1, 1, 3, 3] -> [1, 4, 3, 176]
[3, 3, 2, 2] -> [1, 4, 176, 176]
[14, 3, 0, 3] -> [1, 4, 176, 0]
[13, 3, 1, 3] -> [1, 4, 176, 1]
[7, 2, 0, 1] -> [1, 2, 176, 1]
[7, 3, 3, 0] -> [3, 2, 176, 1]
[1, 3, 3, 1] -> [3, 2, 176, 1]
[14, 1, 3, 1] -> [3, 6, 176, 1]
[1, 1, 2, 2] -> [3, 6, 182, 1]
[3, 2, 1, 1] -> [3, 182, 182, 1]
[7, 2, 2, 0] -> [2, 182, 182, 1]
[7, 0, 3, 3] -> [2, 182, 182, 0]
[7, 2, 1, 2] -> [2, 182, 2, 0]
[6, 3, 2, 3] -> [2, 182, 2, 1]
[14, 3, 1, 3] -> [2, 182, 2, 1]
[1, 3, 1, 1] -> [2, 183, 2, 1]
[3, 1, 1, 3] -> [2, 183, 2, 183]
[7, 1, 1, 0] -> [1, 183, 2, 183]
[7, 1, 0, 1] -> [1, 1, 2, 183]
[7, 3, 3, 2] -> [1, 1, 3, 183]
[14, 1, 2, 2] -> [1, 1, 2, 183]
[14, 2, 3, 2] -> [1, 1, 6, 183]
[14, 2, 1, 2] -> [1, 1, 6, 183]
[1, 2, 3, 3] -> [1, 1, 6, 189]
[7, 3, 3, 1] -> [1, 3, 6, 189]
[7, 2, 2, 2] -> [1, 3, 2, 189]
[3, 0, 2, 2] -> [1, 3, 1, 189]
[14, 2, 3, 2] -> [1, 3, 3, 189]
[1, 2, 3, 3] -> [1, 3, 3, 192]
[3, 3, 2, 1] -> [1, 192, 3, 192]
[7, 0, 3, 3] -> [1, 192, 3, 0]
[7, 2, 2, 2] -> [1, 192, 2, 0]
[7, 3, 2, 0] -> [3, 192, 2, 0]
[12, 2, 0, 3] -> [3, 192, 2, 1]
[14, 3, 3, 3] -> [3, 192, 2, 3]
[1, 1, 3, 1] -> [3, 195, 2, 3]
[7, 0, 3, 3] -> [3, 195, 2, 0]
[7, 3, 0, 2] -> [3, 195, 3, 0]
[14, 1, 0, 0] -> [0, 195, 3, 0]
[13, 0, 2, 0] -> [2, 195, 3, 0]
[2, 0, 2, 2] -> [2, 195, 1, 0]
[14, 2, 2, 2] -> [2, 195, 2, 0]
[1, 1, 2, 1] -> [2, 197, 2, 0]
[7, 3, 1, 3] -> [2, 197, 2, 3]
[7, 3, 0, 2] -> [2, 197, 3, 3]
[0, 3, 0, 3] -> [2, 197, 3, 2]
[14, 3, 1, 3] -> [2, 197, 3, 2]
[1, 3, 1, 1] -> [2, 199, 3, 2]
[14, 2, 0, 3] -> [2, 199, 3, 0]
[13, 3, 1, 3] -> [2, 199, 3, 1]
[4, 0, 3, 3] -> [2, 199, 3, 1]
[14, 3, 2, 3] -> [2, 199, 3, 2]
[14, 3, 1, 3] -> [2, 199, 3, 2]
[1, 1, 3, 1] -> [2, 201, 3, 2]
[3, 1, 1, 0] -> [201, 201, 3, 2]
[14, 1, 0, 2] -> [201, 201, 0, 2]
[13, 2, 2, 2] -> [201, 201, 2, 2]
[7, 1, 2, 1] -> [201, 1, 2, 2]
[7, 0, 2, 3] -> [201, 1, 2, 0]
[6, 3, 2, 3] -> [201, 1, 2, 1]
[14, 3, 1, 3] -> [201, 1, 2, 1]
[1, 3, 0, 0] -> [202, 1, 2, 1]
[3, 0, 2, 3] -> [202, 1, 2, 202]
[14, 3, 0, 1] -> [202, 0, 2, 202]
[13, 1, 0, 1] -> [202, 0, 2, 202]
[7, 1, 3, 0] -> [1, 0, 2, 202]
[3, 0, 2, 0] -> [1, 0, 2, 202]
[14, 0, 2, 0] -> [2, 0, 2, 202]
[14, 0, 2, 0] -> [4, 0, 2, 202]
[1, 0, 3, 3] -> [4, 0, 2, 206]
[14, 0, 0, 0] -> [0, 0, 2, 206]
[13, 0, 1, 0] -> [1, 0, 2, 206]
[7, 0, 0, 2] -> [1, 0, 0, 206]
[14, 0, 2, 2] -> [1, 0, 2, 206]
[14, 2, 1, 2] -> [1, 0, 2, 206]
[1, 3, 2, 3] -> [1, 0, 2, 208]
[7, 2, 2, 2] -> [1, 0, 2, 208]
[3, 0, 2, 2] -> [1, 0, 1, 208]
[14, 2, 3, 2] -> [1, 0, 3, 208]
[1, 3, 2, 3] -> [1, 0, 3, 211]
[3, 3, 2, 2] -> [1, 0, 211, 211]
[7, 2, 1, 0] -> [2, 0, 211, 211]
[7, 2, 0, 3] -> [2, 0, 211, 2]
[11, 0, 3, 3] -> [2, 0, 211, 1]
[14, 3, 2, 3] -> [2, 0, 211, 2]
[1, 3, 2, 2] -> [2, 0, 213, 2]
[3, 2, 0, 0] -> [213, 0, 213, 2]
[7, 2, 3, 1] -> [213, 2, 213, 2]
[7, 0, 2, 3] -> [213, 2, 213, 0]
[7, 2, 1, 2] -> [213, 2, 2, 0]
[6, 3, 2, 3] -> [213, 2, 2, 1]
[14, 3, 3, 3] -> [213, 2, 2, 3]
[14, 3, 1, 3] -> [213, 2, 2, 3]
[1, 0, 3, 0] -> [216, 2, 2, 3]
[7, 0, 3, 3] -> [216, 2, 2, 0]
[6, 3, 2, 2] -> [216, 2, 1, 0]
[14, 2, 1, 2] -> [216, 2, 1, 0]
[1, 0, 2, 0] -> [217, 2, 1, 0]
[14, 0, 0, 3] -> [217, 2, 1, 0]
[13, 3, 1, 3] -> [217, 2, 1, 1]
[7, 1, 0, 1] -> [217, 1, 1, 1]
[7, 0, 2, 2] -> [217, 1, 0, 1]
[14, 1, 2, 2] -> [217, 1, 2, 1]
[14, 2, 2, 2] -> [217, 1, 4, 1]
[14, 2, 2, 2] -> [217, 1, 8, 1]
[1, 0, 2, 0] -> [225, 1, 8, 1]
[3, 0, 1, 3] -> [225, 1, 8, 225]
[7, 2, 1, 0] -> [2, 1, 8, 225]
[7, 3, 3, 2] -> [2, 1, 3, 225]
[14, 1, 2, 0] -> [2, 1, 3, 225]
[14, 0, 2, 0] -> [4, 1, 3, 225]
[1, 3, 0, 3] -> [4, 1, 3, 229]
[3, 3, 0, 0] -> [229, 1, 3, 229]
[14, 0, 0, 3] -> [229, 1, 3, 0]
[13, 3, 2, 3] -> [229, 1, 3, 2]
[7, 0, 2, 2] -> [229, 1, 0, 2]
[10, 2, 3, 2] -> [229, 1, 1, 2]
[14, 2, 1, 2] -> [229, 1, 1, 2]
[1, 2, 0, 0] -> [230, 1, 1, 2]
[3, 0, 1, 1] -> [230, 230, 1, 2]
[14, 0, 0, 2] -> [230, 230, 0, 2]
[13, 2, 3, 2] -> [230, 230, 3, 2]
[14, 1, 0, 3] -> [230, 230, 3, 0]
[13, 3, 0, 3] -> [230, 230, 3, 0]
[7, 3, 2, 0] -> [3, 230, 3, 0]
[7, 2, 0, 0] -> [2, 230, 3, 0]
[14, 0, 1, 0] -> [2, 230, 3, 0]
[1, 0, 1, 1] -> [2, 232, 3, 0]
[7, 0, 1, 2] -> [2, 232, 0, 0]
[7, 0, 0, 0] -> [0, 232, 0, 0]
[7, 2, 1, 3] -> [0, 232, 0, 2]
[10, 2, 3, 3] -> [0, 232, 0, 1]
[14, 3, 2, 3] -> [0, 232, 0, 2]
[1, 1, 3, 1] -> [0, 234, 0, 2]
[7, 2, 0, 3] -> [0, 234, 0, 2]
[10, 2, 3, 0] -> [1, 234, 0, 2]
[14, 0, 1, 0] -> [1, 234, 0, 2]
[1, 1, 0, 1] -> [1, 235, 0, 2]
[7, 2, 3, 2] -> [1, 235, 2, 2]
[7, 0, 2, 3] -> [1, 235, 2, 0]
[7, 3, 1, 0] -> [3, 235, 2, 0]
[8, 2, 0, 0] -> [3, 235, 2, 0]
[14, 0, 3, 0] -> [9, 235, 2, 0]
[1, 1, 0, 1] -> [9, 244, 2, 0]
[7, 3, 0, 3] -> [9, 244, 2, 3]
[14, 0, 0, 2] -> [9, 244, 0, 3]
[13, 2, 0, 2] -> [9, 244, 0, 3]
[7, 1, 3, 0] -> [1, 244, 0, 3]
[9, 3, 2, 3] -> [1, 244, 0, 2]
[14, 3, 1, 3] -> [1, 244, 0, 2]
[1, 1, 3, 1] -> [1, 246, 0, 2]
[7, 0, 3, 3] -> [1, 246, 0, 0]
[7, 3, 2, 2] -> [1, 246, 3, 0]
[7, 0, 1, 0] -> [0, 246, 3, 0]
[10, 3, 2, 3] -> [0, 246, 3, 1]
[14, 3, 2, 3] -> [0, 246, 3, 2]
[1, 1, 3, 1] -> [0, 248, 3, 2]
[3, 1, 3, 3] -> [0, 248, 3, 248]
[7, 3, 3, 0] -> [3, 248, 3, 248]
[7, 1, 3, 1] -> [3, 1, 3, 248]
[7, 0, 2, 2] -> [3, 1, 0, 248]
[2, 2, 0, 2] -> [3, 1, 1, 248]
[14, 2, 1, 2] -> [3, 1, 1, 248]
[1, 3, 2, 3] -> [3, 1, 1, 249]
[3, 3, 1, 1] -> [3, 249, 1, 249]
[7, 2, 3, 2] -> [3, 249, 2, 249]
[7, 2, 0, 0] -> [2, 249, 2, 249]
[7, 0, 3, 3] -> [2, 249, 2, 0]
[6, 3, 2, 2] -> [2, 249, 1, 0]
[14, 2, 2, 2] -> [2, 249, 2, 0]
[1, 2, 1, 1] -> [2, 251, 2, 0]
[3, 1, 3, 2] -> [2, 251, 251, 0]
[7, 1, 2, 1] -> [2, 1, 251, 0]
[7, 2, 3, 3] -> [2, 1, 251, 2]
[15, 1, 0, 3] -> [2, 1, 251, 2]
[14, 3, 2, 3] -> [2, 1, 251, 4]
[14, 3, 3, 3] -> [2, 1, 251, 12]
[1, 2, 3, 2] -> [2, 1, 263, 12]
[7, 1, 0, 3] -> [2, 1, 263, 1]
[7, 2, 3, 1] -> [2, 2, 263, 1]
[4, 0, 3, 0] -> [1, 2, 263, 1]
[14, 0, 2, 0] -> [2, 2, 263, 1]
[1, 0, 2, 2] -> [2, 2, 265, 1]
[3, 2, 2, 0] -> [265, 2, 265, 1]
[14, 2, 0, 2] -> [265, 2, 0, 1]
[13, 2, 1, 2] -> [265, 2, 1, 1]
[7, 0, 3, 3] -> [265, 2, 1, 0]
[5, 1, 3, 3] -> [265, 2, 1, 3]
[14, 3, 1, 3] -> [265, 2, 1, 3]
[1, 0, 3, 0] -> [268, 2, 1, 3]
[3, 0, 2, 1] -> [268, 268, 1, 3]
[7, 2, 1, 0] -> [2, 268, 1, 3]
[7, 1, 3, 3] -> [2, 268, 1, 1]
[15, 3, 0, 3] -> [2, 268, 1, 2]
[14, 3, 3, 3] -> [2, 268, 1, 6]
[14, 3, 1, 3] -> [2, 268, 1, 6]
[1, 1, 3, 1] -> [2, 274, 1, 6]
[3, 1, 3, 3] -> [2, 274, 1, 274]
[7, 1, 2, 1] -> [2, 1, 1, 274]
[7, 0, 2, 2] -> [2, 1, 0, 274]
[7, 1, 1, 0] -> [1, 1, 0, 274]
[14, 0, 2, 1] -> [1, 2, 0, 274]
[14, 1, 2, 1] -> [1, 4, 0, 274]
[1, 1, 3, 3] -> [1, 4, 0, 278]
[3, 3, 1, 2] -> [1, 4, 278, 278]
[7, 3, 0, 1] -> [1, 3, 278, 278]
[7, 2, 0, 0] -> [2, 3, 278, 278]
[14, 2, 0, 3] -> [2, 3, 278, 0]
[13, 3, 1, 3] -> [2, 3, 278, 1]
[13, 3, 1, 3] -> [2, 3, 278, 2]
[14, 3, 2, 3] -> [2, 3, 278, 4]
[14, 3, 3, 3] -> [2, 3, 278, 12]
[1, 3, 2, 2] -> [2, 3, 290, 12]
[3, 2, 2, 0] -> [290, 3, 290, 12]
[7, 0, 0, 2] -> [290, 3, 0, 12]
[7, 3, 0, 3] -> [290, 3, 0, 3]
[9, 3, 2, 1] -> [290, 2, 0, 3]
[14, 1, 2, 1] -> [290, 4, 0, 3]
[14, 1, 3, 1] -> [290, 12, 0, 3]
[1, 0, 1, 0] -> [302, 12, 0, 3]
[7, 0, 1, 3] -> [302, 12, 0, 0]
[7, 3, 3, 1] -> [302, 3, 0, 0]
[7, 2, 0, 2] -> [302, 3, 2, 0]
[12, 2, 1, 3] -> [302, 3, 2, 1]
[14, 3, 1, 3] -> [302, 3, 2, 1]
[14, 3, 1, 3] -> [302, 3, 2, 1]
[1, 3, 0, 0] -> [303, 3, 2, 1]
[7, 1, 2, 3] -> [303, 3, 2, 1]
[14, 0, 0, 2] -> [303, 3, 0, 1]
[13, 2, 3, 2] -> [303, 3, 3, 1]
[1, 3, 3, 3] -> [303, 3, 3, 2]
[14, 3, 1, 3] -> [303, 3, 3, 2]
[1, 3, 0, 0] -> [305, 3, 3, 2]
[3, 0, 0, 2] -> [305, 3, 305, 2]
[7, 2, 2, 3] -> [305, 3, 305, 2]
[7, 2, 1, 0] -> [2, 3, 305, 2]
[11, 0, 3, 0] -> [1, 3, 305, 2]
[14, 0, 3, 0] -> [3, 3, 305, 2]
[1, 0, 2, 2] -> [3, 3, 308, 2]
[3, 2, 3, 3] -> [3, 3, 308, 308]
[7, 3, 1, 2] -> [3, 3, 3, 308]
[7, 1, 3, 0] -> [1, 3, 3, 308]
[13, 0, 1, 2] -> [1, 3, 2, 308]
[14, 2, 2, 2] -> [1, 3, 4, 308]
[1, 3, 2, 3] -> [1, 3, 4, 312]
[7, 1, 0, 1] -> [1, 1, 4, 312]
[7, 2, 1, 0] -> [2, 1, 4, 312]
[7, 1, 3, 2] -> [2, 1, 1, 312]
[15, 1, 0, 1] -> [2, 2, 1, 312]
[14, 1, 1, 1] -> [2, 2, 1, 312]
[14, 1, 1, 1] -> [2, 2, 1, 312]
[1, 1, 3, 3] -> [2, 2, 1, 314]
[3, 3, 3, 0] -> [314, 2, 1, 314]
[7, 3, 1, 1] -> [314, 3, 1, 314]
[7, 3, 1, 3] -> [314, 3, 1, 3]
[14, 2, 0, 2] -> [314, 3, 0, 3]
[13, 2, 0, 2] -> [314, 3, 0, 3]
[9, 3, 2, 3] -> [314, 3, 0, 2]
[14, 3, 2, 3] -> [314, 3, 0, 4]
[14, 3, 3, 3] -> [314, 3, 0, 12]
[1, 3, 0, 0] -> [326, 3, 0, 12]
[3, 0, 1, 1] -> [326, 326, 0, 12]
[7, 2, 1, 0] -> [2, 326, 0, 12]
[7, 1, 2, 2] -> [2, 326, 1, 12]
[7, 2, 1, 3] -> [2, 326, 1, 2]
[11, 0, 3, 2] -> [2, 326, 1, 2]
[14, 2, 2, 2] -> [2, 326, 2, 2]
[14, 2, 1, 2] -> [2, 326, 2, 2]
[1, 1, 2, 1] -> [2, 328, 2, 2]
[7, 2, 0, 2] -> [2, 328, 2, 2]
[7, 0, 2, 0] -> [0, 328, 2, 2]
[7, 1, 0, 3] -> [0, 328, 2, 1]
[1, 3, 3, 3] -> [0, 328, 2, 2]
[14, 3, 1, 3] -> [0, 328, 2, 2]
[1, 1, 3, 1] -> [0, 330, 2, 2]
[3, 1, 0, 0] -> [330, 330, 2, 2]
[14, 2, 0, 1] -> [330, 0, 2, 2]
[13, 1, 3, 1] -> [330, 3, 2, 2]
[7, 0, 2, 2] -> [330, 3, 0, 2]
[7, 1, 3, 3] -> [330, 3, 0, 1]
[1, 3, 3, 2] -> [330, 3, 2, 1]
[14, 2, 1, 2] -> [330, 3, 2, 1]
[1, 0, 2, 0] -> [332, 3, 2, 1]
[3, 0, 3, 2] -> [332, 3, 332, 1]
[7, 0, 3, 0] -> [0, 3, 332, 1]
[7, 0, 3, 3] -> [0, 3, 332, 0]
[7, 2, 2, 1] -> [0, 2, 332, 0]
[7, 3, 0, 3] -> [0, 2, 332, 3]
[14, 3, 1, 3] -> [0, 2, 332, 3]
[14, 3, 3, 3] -> [0, 2, 332, 9]
[1, 2, 3, 2] -> [0, 2, 341, 9]
[3, 2, 1, 1] -> [0, 341, 341, 9]
[7, 2, 2, 2] -> [0, 341, 2, 9]
[7, 2, 0, 3] -> [0, 341, 2, 2]
[7, 3, 0, 0] -> [3, 341, 2, 2]
[12, 2, 0, 0] -> [1, 341, 2, 2]
[14, 0, 3, 0] -> [3, 341, 2, 2]
[14, 0, 1, 0] -> [3, 341, 2, 2]
[1, 0, 1, 1] -> [3, 344, 2, 2]
[7, 1, 3, 2] -> [3, 344, 1, 2]
[7, 2, 0, 0] -> [2, 344, 1, 2]
[7, 1, 3, 3] -> [2, 344, 1, 1]
[4, 0, 3, 3] -> [2, 344, 1, 1]
[14, 3, 1, 3] -> [2, 344, 1, 1]
[1, 3, 1, 1] -> [2, 345, 1, 1]
[14, 2, 0, 3] -> [2, 345, 1, 0]
[13, 3, 0, 3] -> [2, 345, 1, 0]
[7, 3, 1, 0] -> [3, 345, 1, 0]
[14, 0, 0, 2] -> [3, 345, 0, 0]
[13, 2, 2, 2] -> [3, 345, 2, 0]
[6, 3, 2, 3] -> [3, 345, 2, 1]
[14, 3, 2, 3] -> [3, 345, 2, 2]
[1, 3, 1, 1] -> [3, 347, 2, 2]
[3, 1, 2, 2] -> [3, 347, 347, 2]
[7, 0, 0, 1] -> [3, 0, 347, 2]
[14, 3, 0, 3] -> [3, 0, 347, 0]
[13, 3, 1, 3] -> [3, 0, 347, 1]
[7, 2, 2, 0] -> [2, 0, 347, 1]
[15, 3, 0, 0] -> [2, 0, 347, 1]
[14, 0, 3, 0] -> [6, 0, 347, 1]
[1, 2, 0, 2] -> [6, 0, 353, 1]
[3, 2, 2, 1] -> [6, 353, 353, 1]
[7, 0, 0, 2] -> [6, 353, 0, 1]
[14, 3, 0, 0] -> [0, 353, 0, 1]
[13, 0, 3, 0] -> [3, 353, 0, 1]
[9, 0, 2, 0] -> [2, 353, 0, 1]
[14, 0, 2, 0] -> [4, 353, 0, 1]
[1, 0, 1, 1] -> [4, 357, 0, 1]
[7, 2, 2, 0] -> [2, 357, 0, 1]
[7, 0, 3, 3] -> [2, 357, 0, 0]
[7, 3, 1, 2] -> [2, 357, 3, 0]
[8, 0, 2, 2] -> [2, 357, 3, 0]
[14, 2, 1, 2] -> [2, 357, 3, 0]
[14, 2, 3, 2] -> [2, 357, 9, 0]
[1, 2, 1, 1] -> [2, 366, 9, 0]
[3, 1, 1, 0] -> [366, 366, 9, 0]
[14, 1, 0, 1] -> [366, 0, 9, 0]
[13, 1, 3, 1] -> [366, 3, 9, 0]
[7, 2, 0, 2] -> [366, 3, 2, 0]
[6, 3, 2, 2] -> [366, 3, 1, 0]
[14, 2, 3, 2] -> [366, 3, 3, 0]
[1, 0, 2, 0] -> [369, 3, 3, 0]
[3, 0, 1, 1] -> [369, 369, 3, 0]
[7, 1, 1, 3] -> [369, 369, 3, 1]
[7, 2, 0, 0] -> [2, 369, 3, 1]
[7, 3, 1, 2] -> [2, 369, 3, 1]
[7, 2, 3, 0] -> [2, 369, 3, 1]
[14, 0, 2, 0] -> [4, 369, 3, 1]
[1, 0, 1, 1] -> [4, 373, 3, 1]
[7, 0, 0, 3] -> [4, 373, 3, 0]
[14, 0, 0, 0] -> [0, 373, 3, 0]
[13, 0, 1, 0] -> [1, 373, 3, 0]
[10, 3, 2, 2] -> [1, 373, 1, 0]
[14, 2, 1, 2] -> [1, 373, 1, 0]
[1, 2, 1, 1] -> [1, 374, 1, 0]
[3, 1, 0, 0] -> [374, 374, 1, 0]
[14, 3, 0, 2] -> [374, 374, 0, 0]
[13, 2, 0, 2] -> [374, 374, 0, 0]
[7, 0, 2, 1] -> [374, 0, 0, 0]
[7, 2, 2, 3] -> [374, 0, 0, 2]
[10, 2, 3, 1] -> [374, 1, 0, 2]
[14, 1, 1, 1] -> [374, 1, 0, 2]
[1, 0, 1, 0] -> [375, 1, 0, 2]
[3, 0, 1, 1] -> [375, 375, 0, 2]
[14, 2, 0, 0] -> [0, 375, 0, 2]
[13, 0, 2, 0] -> [2, 375, 0, 2]
[7, 3, 1, 2] -> [2, 375, 3, 2]
[7, 1, 2, 3] -> [2, 375, 3, 1]
[8, 0, 2, 0] -> [3, 375, 3, 1]
[14, 0, 3, 0] -> [9, 375, 3, 1]
[1, 1, 0, 1] -> [9, 384, 3, 1]
[3, 1, 2, 2] -> [9, 384, 384, 1]
[7, 2, 3, 1] -> [9, 2, 384, 1]
[7, 2, 1, 3] -> [9, 2, 384, 2]
[7, 2, 3, 0] -> [2, 2, 384, 2]
[11, 0, 3, 1] -> [2, 1, 384, 2]
[14, 1, 1, 1] -> [2, 1, 384, 2]
[1, 2, 1, 2] -> [2, 1, 385, 2]
[3, 2, 0, 1] -> [2, 385, 385, 2]
[14, 2, 0, 2] -> [2, 385, 0, 2]
[13, 2, 2, 2] -> [2, 385, 2, 2]
[14, 3, 0, 0] -> [0, 385, 2, 2]
[13, 0, 3, 0] -> [3, 385, 2, 2]
[7, 0, 0, 3] -> [3, 385, 2, 0]
[6, 3, 2, 2] -> [3, 385, 1, 0]
[14, 2, 1, 2] -> [3, 385, 1, 0]
[1, 1, 2, 1] -> [3, 386, 1, 0]
[7, 0, 2, 0] -> [0, 386, 1, 0]
[7, 2, 1, 2] -> [0, 386, 2, 0]
[7, 3, 0, 0] -> [3, 386, 2, 0]
[14, 0, 3, 0] -> [9, 386, 2, 0]
[1, 0, 1, 1] -> [9, 395, 2, 0]
[3, 1, 0, 3] -> [9, 395, 2, 395]
[7, 3, 1, 0] -> [3, 395, 2, 395]
[7, 3, 3, 2] -> [3, 395, 3, 395]
[14, 0, 0, 1] -> [3, 0, 3, 395]
[13, 1, 2, 1] -> [3, 2, 3, 395]
[8, 1, 0, 0] -> [3, 2, 3, 395]
[14, 0, 3, 0] -> [9, 2, 3, 395]
[1, 3, 0, 3] -> [9, 2, 3, 404]
[3, 3, 2, 1] -> [9, 404, 3, 404]
[7, 0, 2, 0] -> [0, 404, 3, 404]
[7, 0, 2, 3] -> [0, 404, 3, 0]
[7, 2, 0, 2] -> [0, 404, 2, 0]
[6, 3, 2, 2] -> [0, 404, 1, 0]
[14, 2, 2, 2] -> [0, 404, 2, 0]
[14, 2, 3, 2] -> [0, 404, 6, 0]
[1, 2, 1, 1] -> [0, 410, 6, 0]
[3, 1, 1, 0] -> [410, 410, 6, 0]
[7, 3, 3, 1] -> [410, 3, 6, 0]
[7, 1, 3, 3] -> [410, 3, 6, 1]
[7, 0, 1, 2] -> [410, 3, 0, 1]
[9, 1, 2, 1] -> [410, 2, 0, 1]
[14, 1, 2, 1] -> [410, 4, 0, 1]
[1, 0, 1, 0] -> [414, 4, 0, 1]
[3, 0, 0, 3] -> [414, 4, 0, 414]
[7, 2, 0, 1] -> [414, 2, 0, 414]
[7, 3, 2, 0] -> [3, 2, 0, 414]
[9, 0, 2, 2] -> [3, 2, 2, 414]
[14, 2, 3, 2] -> [3, 2, 6, 414]
[1, 2, 3, 3] -> [3, 2, 6, 420]
[14, 1, 0, 2] -> [3, 2, 0, 420]
[13, 2, 2, 2] -> [3, 2, 2, 420]
[7, 1, 2, 1] -> [3, 1, 2, 420]
[12, 2, 0, 1] -> [3, 1, 2, 420]
[14, 1, 3, 1] -> [3, 3, 2, 420]
[14, 1, 1, 1] -> [3, 3, 2, 420]
[1, 1, 3, 3] -> [3, 3, 2, 423]
[3, 3, 1, 2] -> [3, 3, 423, 423]
[7, 2, 0, 0] -> [2, 3, 423, 423]
[7, 1, 2, 3] -> [2, 3, 423, 1]
[7, 1, 3, 1] -> [2, 1, 423, 1]
[4, 0, 3, 1] -> [2, 1, 423, 1]
[14, 1, 2, 1] -> [2, 2, 423, 1]
[14, 1, 3, 1] -> [2, 6, 423, 1]
[1, 1, 2, 2] -> [2, 6, 429, 1]
[7, 3, 3, 1] -> [2, 3, 429, 1]
[7, 2, 2, 3] -> [2, 3, 429, 2]
[12, 0, 1, 0] -> [1, 3, 429, 2]
[14, 0, 3, 0] -> [3, 3, 429, 2]
[1, 0, 2, 2] -> [3, 3, 432, 2]
[3, 2, 2, 1] -> [3, 432, 432, 2]
[7, 3, 1, 2] -> [3, 432, 3, 2]
[7, 3, 2, 0] -> [3, 432, 3, 2]
[0, 0, 3, 2] -> [3, 432, 2, 2]
[14, 2, 3, 2] -> [3, 432, 6, 2]
[1, 1, 2, 1] -> [3, 438, 6, 2]
[3, 1, 0, 0] -> [438, 438, 6, 2]
[7, 2, 1, 2] -> [438, 438, 2, 2]
[7, 1, 2, 1] -> [438, 1, 2, 2]
[15, 1, 3, 2] -> [438, 1, 2, 2]
[14, 2, 1, 2] -> [438, 1, 2, 2]
[14, 2, 2, 2] -> [438, 1, 4, 2]
[1, 2, 0, 0] -> [442, 1, 4, 2]
[3, 0, 2, 1] -> [442, 442, 4, 2]
[7, 1, 0, 3] -> [442, 442, 4, 1]
[7, 1, 2, 2] -> [442, 442, 1, 1]
[7, 1, 1, 0] -> [1, 442, 1, 1]
[1, 3, 3, 2] -> [1, 442, 2, 1]
[14, 2, 3, 2] -> [1, 442, 6, 1]
[14, 2, 2, 2] -> [1, 442, 12, 1]
[1, 2, 1, 1] -> [1, 454, 12, 1]
[3, 1, 0, 2] -> [1, 454, 454, 1]
[7, 0, 1, 0] -> [0, 454, 454, 1]
[7, 2, 3, 1] -> [0, 2, 454, 1]
[1, 3, 3, 0] -> [2, 2, 454, 1]
[14, 0, 1, 0] -> [2, 2, 454, 1]
[1, 0, 2, 2] -> [2, 2, 456, 1]
[3, 2, 0, 0] -> [456, 2, 456, 1]
[7, 1, 1, 1] -> [456, 1, 456, 1]
[7, 2, 0, 3] -> [456, 1, 456, 2]
[7, 3, 3, 2] -> [456, 1, 3, 2]
[15, 1, 3, 3] -> [456, 1, 3, 2]
[14, 3, 3, 3] -> [456, 1, 3, 6]
[1, 0, 3, 0] -> [462, 1, 3, 6]
[7, 2, 0, 2] -> [462, 1, 2, 6]
[7, 0, 1, 3] -> [462, 1, 2, 0]
[7, 0, 3, 1] -> [462, 0, 2, 0]
[6, 3, 2, 1] -> [462, 1, 2, 0]
[14, 1, 2, 1] -> [462, 2, 2, 0]
[14, 1, 1, 1] -> [462, 2, 2, 0]
[1, 0, 1, 0] -> [464, 2, 2, 0]
[3, 0, 2, 3] -> [464, 2, 2, 464]
[7, 3, 1, 2] -> [464, 2, 3, 464]
[7, 3, 3, 0] -> [3, 2, 3, 464]
[7, 3, 2, 1] -> [3, 3, 3, 464]
[7, 2, 0, 2] -> [3, 3, 2, 464]
[14, 2, 1, 2] -> [3, 3, 2, 464]
[1, 2, 3, 3] -> [3, 3, 2, 466]
[7, 3, 2, 2] -> [3, 3, 3, 466]
[7, 1, 2, 1] -> [3, 1, 3, 466]
[9, 0, 2, 0] -> [2, 1, 3, 466]
[14, 0, 2, 0] -> [4, 1, 3, 466]
[14, 0, 3, 0] -> [12, 1, 3, 466]
[1, 3, 0, 3] -> [12, 1, 3, 478]
[3, 3, 0, 1] -> [12, 478, 3, 478]
[7, 1, 3, 3] -> [12, 478, 3, 1]
[14, 1, 0, 0] -> [0, 478, 3, 1]
[13, 0, 3, 0] -> [3, 478, 3, 1]
[7, 2, 3, 2] -> [3, 478, 2, 1]
[12, 2, 0, 3] -> [3, 478, 2, 1]
[14, 3, 3, 3] -> [3, 478, 2, 3]
[1, 1, 3, 1] -> [3, 481, 2, 3]
[3, 1, 2, 0] -> [481, 481, 2, 3]
[7, 3, 1, 2] -> [481, 481, 3, 3]
[7, 3, 0, 1] -> [481, 3, 3, 3]
[7, 1, 1, 3] -> [481, 3, 3, 1]
[14, 3, 2, 3] -> [481, 3, 3, 2]
[14, 3, 2, 3] -> [481, 3, 3, 4]
[14, 3, 1, 3] -> [481, 3, 3, 4]
[1, 0, 3, 0] -> [485, 3, 3, 4]
[3, 0, 3, 1] -> [485, 485, 3, 4]
[7, 1, 3, 3] -> [485, 485, 3, 1]
[7, 0, 2, 2] -> [485, 485, 0, 1]
[7, 2, 3, 0] -> [2, 485, 0, 1]
[4, 0, 3, 2] -> [2, 485, 1, 1]
[14, 2, 2, 2] -> [2, 485, 2, 1]
[1, 2, 1, 1] -> [2, 487, 2, 1]
[7, 1, 2, 0] -> [1, 487, 2, 1]
[7, 2, 3, 3] -> [1, 487, 2, 2]
[7, 0, 0, 2] -> [1, 487, 0, 2]
[10, 2, 3, 3] -> [1, 487, 0, 1]
[14, 3, 1, 3] -> [1, 487, 0, 1]
[1, 3, 1, 1] -> [1, 488, 0, 1]
[7, 3, 1, 3] -> [1, 488, 0, 3]
[7, 3, 2, 0] -> [3, 488, 0, 3]
[2, 2, 0, 2] -> [3, 488, 1, 3]
[14, 2, 1, 2] -> [3, 488, 1, 3]
[14, 2, 1, 2] -> [3, 488, 1, 3]
[1, 2, 1, 1] -> [3, 489, 1, 3]
[14, 2, 0, 0] -> [0, 489, 1, 3]
[13, 0, 1, 0] -> [1, 489, 1, 3]
[7, 3, 0, 2] -> [1, 489, 3, 3]
[7, 0, 2, 3] -> [1, 489, 3, 0]
[7, 2, 0, 0] -> [2, 489, 3, 0]
[14, 0, 2, 0] -> [4, 489, 3, 0]
[1, 0, 1, 1] -> [4, 493, 3, 0]
[3, 1, 0, 3] -> [4, 493, 3, 493]
[14, 1, 0, 0] -> [0, 493, 3, 493]
[13, 0, 3, 0] -> [3, 493, 3, 493]
[7, 2, 0, 2] -> [3, 493, 2, 493]
[7, 2, 2, 1] -> [3, 2, 2, 493]
[8, 2, 0, 1] -> [3, 3, 2, 493]
[14, 1, 3, 1] -> [3, 9, 2, 493]
[14, 1, 3, 1] -> [3, 27, 2, 493]
[1, 1, 3, 3] -> [3, 27, 2, 520]
[3, 3, 2, 2] -> [3, 27, 520, 520]
[7, 2, 3, 0] -> [2, 27, 520, 520]
[7, 2, 1, 3] -> [2, 27, 520, 2]
[7, 3, 3, 1] -> [2, 3, 520, 2]
[0, 1, 0, 3] -> [2, 3, 520, 2]
[14, 3, 2, 3] -> [2, 3, 520, 4]
[14, 3, 1, 3] -> [2, 3, 520, 4]
[1, 3, 2, 2] -> [2, 3, 524, 4]
[3, 2, 3, 1] -> [2, 524, 524, 4]
[7, 0, 0, 2] -> [2, 524, 0, 4]
[7, 3, 0, 0] -> [3, 524, 0, 4]
[7, 2, 2, 3] -> [3, 524, 0, 2]
[9, 0, 2, 0] -> [2, 524, 0, 2]
[14, 0, 1, 0] -> [2, 524, 0, 2]
[1, 0, 1, 1] -> [2, 526, 0, 2]
[7, 2, 3, 2] -> [2, 526, 2, 2]
[7, 0, 1, 3] -> [2, 526, 2, 0]
[7, 0, 2, 0] -> [0, 526, 2, 0]
[5, 2, 3, 2] -> [0, 526, 3, 0]
[14, 2, 2, 2] -> [0, 526, 6, 0]
[1, 1, 2, 1] -> [0, 532, 6, 0]
[3, 1, 1, 2] -> [0, 532, 532, 0]
[7, 2, 0, 1] -> [0, 2, 532, 0]
[5, 1, 3, 1] -> [0, 3, 532, 0]
[14, 1, 1, 1] -> [0, 3, 532, 0]
[1, 2, 1, 2] -> [0, 3, 535, 0]
[3, 2, 3, 1] -> [0, 535, 535, 0]
[7, 3, 0, 3] -> [0, 535, 535, 3]
[7, 0, 0, 2] -> [0, 535, 0, 3]
[14, 2, 0, 0] -> [0, 535, 0, 3]
[13, 0, 1, 0] -> [1, 535, 0, 3]
[14, 0, 2, 0] -> [2, 535, 0, 3]
[14, 0, 3, 0] -> [6, 535, 0, 3]
[1, 1, 0, 1] -> [6, 541, 0, 3]
[3, 1, 1, 3] -> [6, 541, 0, 541]
[7, 2, 2, 1] -> [6, 2, 0, 541]
[7, 3, 2, 0] -> [3, 2, 0, 541]
[8, 1, 0, 1] -> [3, 3, 0, 541]
[14, 1, 3, 1] -> [3, 9, 0, 541]
[1, 1, 3, 3] -> [3, 9, 0, 550]
[3, 3, 2, 1] -> [3, 550, 0, 550]
[14, 2, 0, 3] -> [3, 550, 0, 0]
[13, 3, 0, 3] -> [3, 550, 0, 0]
[14, 1, 0, 0] -> [0, 550, 0, 0]
[13, 0, 0, 0] -> [0, 550, 0, 0]
[14, 0, 0, 2] -> [0, 550, 0, 0]
[13, 2, 3, 2] -> [0, 550, 3, 0]
[10, 3, 2, 2] -> [0, 550, 1, 0]
[14, 2, 1, 2] -> [0, 550, 1, 0]
[14, 2, 2, 2] -> [0, 550, 2, 0]
[1, 1, 2, 1] -> [0, 552, 2, 0]
[3, 1, 3, 2] -> [0, 552, 552, 0]
[7, 2, 3, 0] -> [2, 552, 552, 0]
[14, 2, 0, 3] -> [2, 552, 552, 0]
[13, 3, 1, 3] -> [2, 552, 552, 1]
[7, 0, 1, 1] -> [2, 0, 552, 1]
[1, 3, 3, 1] -> [2, 2, 552, 1]
[14, 1, 3, 1] -> [2, 6, 552, 1]
[1, 1, 2, 2] -> [2, 6, 558, 1]
[3, 2, 2, 1] -> [2, 558, 558, 1]
[14, 0, 0, 2] -> [2, 558, 0, 1]
[13, 2, 2, 2] -> [2, 558, 2, 1]
[7, 1, 1, 0] -> [1, 558, 2, 1]
[7, 0, 0, 3] -> [1, 558, 2, 0]
[3, 0, 2, 0] -> [1, 558, 2, 0]
[14, 0, 3, 0] -> [3, 558, 2, 0]
[1, 0, 1, 1] -> [3, 561, 2, 0]
[3, 1, 1, 2] -> [3, 561, 561, 0]
[7, 2, 2, 3] -> [3, 561, 561, 2]
[7, 2, 0, 0] -> [2, 561, 561, 2]
[7, 3, 0, 1] -> [2, 3, 561, 2]
[5, 0, 3, 0] -> [3, 3, 561, 2]
[14, 0, 3, 0] -> [9, 3, 561, 2]
[1, 2, 0, 2] -> [9, 3, 570, 2]
[7, 2, 3, 0] -> [2, 3, 570, 2]
[14, 1, 0, 3] -> [2, 3, 570, 0]
[13, 3, 0, 3] -> [2, 3, 570, 0]
[14, 1, 0, 1] -> [2, 0, 570, 0]
[13, 1, 1, 1] -> [2, 1, 570, 0]
[15, 1, 0, 3] -> [2, 1, 570, 2]
[14, 3, 1, 3] -> [2, 1, 570, 2]
[1, 3, 2, 2] -> [2, 1, 572, 2]
[3, 2, 2, 1] -> [2, 572, 572, 2]
[7, 2, 1, 2] -> [2, 572, 2, 2]
[14, 0, 0, 3] -> [2, 572, 2, 0]
[13, 3, 1, 3] -> [2, 572, 2, 1]
[7, 0, 1, 0] -> [0, 572, 2, 1]
[7, 3, 0, 0] -> [3, 572, 2, 1]
[14, 0, 2, 0] -> [6, 572, 2, 1]
[1, 0, 1, 1] -> [6, 578, 2, 1]
[3, 1, 1, 2] -> [6, 578, 578, 1]
[7, 2, 1, 3] -> [6, 578, 578, 2]
[7, 3, 0, 1] -> [6, 3, 578, 2]
[7, 2, 3, 0] -> [2, 3, 578, 2]
[11, 0, 3, 3] -> [2, 3, 578, 1]
[14, 3, 3, 3] -> [2, 3, 578, 3]
[1, 2, 3, 2] -> [2, 3, 581, 3]
[3, 2, 1, 1] -> [2, 581, 581, 3]
[7, 2, 2, 3] -> [2, 581, 581, 2]
[7, 0, 1, 2] -> [2, 581, 0, 2]
[14, 1, 0, 0] -> [0, 581, 0, 2]
[13, 0, 0, 0] -> [0, 581, 0, 2]
[10, 2, 3, 2] -> [0, 581, 1, 2]
[14, 2, 1, 2] -> [0, 581, 1, 2]
[14, 2, 3, 2] -> [0, 581, 3, 2]
[1, 2, 1, 1] -> [0, 584, 3, 2]
[7, 3, 3, 0] -> [3, 584, 3, 2]
[7, 3, 0, 3] -> [3, 584, 3, 3]
[7, 3, 2, 2] -> [3, 584, 3, 3]
[9, 3, 2, 2] -> [3, 584, 2, 3]
[14, 2, 1, 2] -> [3, 584, 2, 3]
[1, 2, 1, 1] -> [3, 586, 2, 3]
[3, 1, 2, 2] -> [3, 586, 586, 3]
[14, 0, 0, 1] -> [3, 0, 586, 3]
[13, 1, 0, 1] -> [3, 0, 586, 3]
[7, 0, 0, 3] -> [3, 0, 586, 0]
[7, 1, 1, 0] -> [1, 0, 586, 0]
[13, 0, 1, 0] -> [2, 0, 586, 0]
[14, 0, 1, 0] -> [2, 0, 586, 0]
[14, 0, 2, 0] -> [4, 0, 586, 0]
[1, 2, 0, 2] -> [4, 0, 590, 0]
[14, 2, 0, 0] -> [0, 0, 590, 0]
[13, 0, 2, 0] -> [2, 0, 590, 0]
[7, 2, 3, 3] -> [2, 0, 590, 2]
[11, 0, 3, 1] -> [2, 1, 590, 2]
[14, 1, 2, 1] -> [2, 2, 590, 2]
[1, 1, 2, 2] -> [2, 2, 592, 2]
[3, 2, 1, 1] -> [2, 592, 592, 2]
[7, 3, 3, 3] -> [2, 592, 592, 3]
[7, 3, 3, 2] -> [2, 592, 3, 3]
[2, 0, 2, 3] -> [2, 592, 3, 1]
[14, 3, 1, 3] -> [2, 592, 3, 1]
[14, 3, 3, 3] -> [2, 592, 3, 3]
[1, 1, 3, 1] -> [2, 595, 3, 3]
[3, 1, 0, 3] -> [2, 595, 3, 595]
[7, 1, 1, 2] -> [2, 595, 1, 595]
[7, 3, 0, 1] -> [2, 3, 1, 595]
[12, 0, 1, 1] -> [2, 1, 1, 595]
[14, 1, 2, 1] -> [2, 2, 1, 595]
[1, 1, 3, 3] -> [2, 2, 1, 597]
[3, 3, 3, 1] -> [2, 597, 1, 597]
[14, 3, 0, 2] -> [2, 597, 0, 597]
[13, 2, 0, 2] -> [2, 597, 0, 597]
[7, 2, 2, 3] -> [2, 597, 0, 2]
[11, 0, 3, 3] -> [2, 597, 0, 1]
[14, 3, 2, 3] -> [2, 597, 0, 2]
[1, 1, 3, 1] -> [2, 599, 0, 2]
[3, 1, 1, 2] -> [2, 599, 599, 2]
[7, 3, 3, 1] -> [2, 3, 599, 2]
[7, 1, 2, 3] -> [2, 3, 599, 1]
[4, 0, 3, 3] -> [2, 3, 599, 1]
[14, 3, 3, 3] -> [2, 3, 599, 3]
[14, 3, 2, 3] -> [2, 3, 599, 6]
[1, 2, 3, 2] -> [2, 3, 605, 6]
[3, 2, 0, 0] -> [605, 3, 605, 6]
[7, 0, 2, 2] -> [605, 3, 0, 6]
[14, 2, 0, 3] -> [605, 3, 0, 0]
[13, 3, 1, 3] -> [605, 3, 0, 1]
[1, 3, 3, 1] -> [605, 2, 0, 1]
[14, 1, 2, 1] -> [605, 4, 0, 1]
[14, 1, 2, 1] -> [605, 8, 0, 1]
[1, 1, 0, 0] -> [613, 8, 0, 1]
[3, 0, 2, 2] -> [613, 8, 613, 1]
[7, 2, 1, 0] -> [2, 8, 613, 1]
[7, 1, 0, 1] -> [2, 1, 613, 1]
[15, 1, 0, 1] -> [2, 2, 613, 1]
[14, 1, 2, 1] -> [2, 4, 613, 1]
[14, 1, 2, 1] -> [2, 8, 613, 1]
[1, 2, 1, 2] -> [2, 8, 621, 1]
[3, 2, 2, 1] -> [2, 621, 621, 1]
[7, 3, 3, 3] -> [2, 621, 621, 3]
[7, 3, 2, 2] -> [2, 621, 3, 3]
[8, 0, 2, 0] -> [3, 621, 3, 3]
[14, 0, 3, 0] -> [9, 621, 3, 3]
[1, 0, 1, 1] -> [9, 630, 3, 3]
[7, 0, 2, 2] -> [9, 630, 0, 3]
[7, 2, 1, 3] -> [9, 630, 0, 2]
[14, 1, 0, 0] -> [0, 630, 0, 2]
[13, 0, 3, 0] -> [3, 630, 0, 2]
[2, 2, 0, 0] -> [1, 630, 0, 2]
[14, 0, 3, 0] -> [3, 630, 0, 2]
[14, 0, 3, 0] -> [9, 630, 0, 2]
[1, 0, 1, 1] -> [9, 639, 0, 2]
[3, 1, 0, 2] -> [9, 639, 639, 2]
[7, 2, 2, 0] -> [2, 639, 639, 2]
[7, 2, 3, 1] -> [2, 2, 639, 2]
[11, 0, 3, 0] -> [1, 2, 639, 2]
[14, 0, 3, 0] -> [3, 2, 639, 2]
[14, 0, 1, 0] -> [3, 2, 639, 2]
[1, 0, 2, 2] -> [3, 2, 642, 2]
[3, 2, 2, 3] -> [3, 2, 642, 642]
[7, 2, 2, 0] -> [2, 2, 642, 642]
[7, 1, 3, 2] -> [2, 2, 1, 642]
[14, 3, 0, 1] -> [2, 0, 1, 642]
[13, 1, 3, 1] -> [2, 3, 1, 642]
[12, 0, 1, 0] -> [1, 3, 1, 642]
[14, 0, 2, 0] -> [2, 3, 1, 642]
[14, 0, 3, 0] -> [6, 3, 1, 642]
[1, 3, 0, 3] -> [6, 3, 1, 648]
[3, 3, 2, 0] -> [648, 3, 1, 648]
[7, 2, 2, 2] -> [648, 3, 2, 648]
[7, 0, 1, 3] -> [648, 3, 2, 0]
[6, 3, 2, 3] -> [648, 3, 2, 1]
[14, 3, 1, 3] -> [648, 3, 2, 1]
[1, 3, 0, 0] -> [649, 3, 2, 1]
649
